<?xml version="1.0" encoding="UTF-8"?><testsuite errors="1" failures="0" name="Entrar al apartado de usuarios y ver un usuario en especifico" skipped="0" tests="1" time="5.22" timestamp="2025-06-06 12:39:50"><testcase name="Visualizar un usuario que se encuentre registrado en la pagina MysticalCut"><error message="Arity mismatch: Step Definition 'co.com.Mysticalcut.stepsdefinitions.BuscarUsuarioStepDefinitions.completeElInicioDeSesionSeDirigiraAlApartadoUsuariosYPodraVerElUsuarioEnEspecifico() in file:/C:/xampp/htdocs/MysticalCut/public/assets/documentacion/DOCUMENTOS_PROYECTO_MYSTICALCUT/Trimestre_5/Automatizaciones/MysticalCut/build/classes/java/test/' with pattern [^complete el inicio de sesion, se dirigira al apartado usuarios y podra ver el usuario en especifico$] is declared with 0 parameters. However, the gherkin step has 1 arguments [Table:[[cedula], [20987654]]]. &#10;Step text: complete el inicio de sesion, se dirigira al apartado usuarios y podra ver el usuario en especifico" type="cucumber.runtime.CucumberException">Arity mismatch: Step Definition 'co.com.Mysticalcut.stepsdefinitions.BuscarUsuarioStepDefinitions.completeElInicioDeSesionSeDirigiraAlApartadoUsuariosYPodraVerElUsuarioEnEspecifico() in file:/C:/xampp/htdocs/MysticalCut/public/assets/documentacion/DOCUMENTOS_PROYECTO_MYSTICALCUT/Trimestre_5/Automatizaciones/MysticalCut/build/classes/java/test/' with pattern [^complete el inicio de sesion, se dirigira al apartado usuarios y podra ver el usuario en especifico$] is declared with 0 parameters. However, the gherkin step has 1 arguments [Table:[[cedula], [20987654]]]. 
Step text: complete el inicio de sesion, se dirigira al apartado usuarios y podra ver el usuario en especifico</error><system-err>Arity mismatch: Step Definition 'co.com.Mysticalcut.stepsdefinitions.BuscarUsuarioStepDefinitions.completeElInicioDeSesionSeDirigiraAlApartadoUsuariosYPodraVerElUsuarioEnEspecifico() in file:/C:/xampp/htdocs/MysticalCut/public/assets/documentacion/DOCUMENTOS_PROYECTO_MYSTICALCUT/Trimestre_5/Automatizaciones/MysticalCut/build/classes/java/test/' with pattern [^complete el inicio de sesion, se dirigira al apartado usuarios y podra ver el usuario en especifico$] is declared with 0 parameters. However, the gherkin step has 1 arguments [Table:[[cedula], [20987654]]]. 
Step text: complete el inicio de sesion, se dirigira al apartado usuarios y podra ver el usuario en especifico&#13;
cucumber.runner.Runner.runPickle(Runner.java:80)&#13;
worker.org.gradle.process.internal.worker.GradleWorkerMain.run(GradleWorkerMain.java:69)&#13;
worker.org.gradle.process.internal.worker.GradleWorkerMain.main(GradleWorkerMain.java:74)&#13;
</system-err></testcase></testsuite>